<?xml version="1.0" encoding="UTF-8"?>
<testng-results skipped="0" failed="0" ignored="0" total="1" passed="1">
  <reporter-output>
  </reporter-output>
  <suite name="com.github.selenim.mavan.FacebookLoginTest" duration-ms="40748" started-at="2018-05-12T09:33:27Z" finished-at="2018-05-12T09:34:08Z">
    <groups>
    </groups>
    <test name="Command line test" duration-ms="40748" started-at="2018-05-12T09:33:27Z" finished-at="2018-05-12T09:34:08Z">
      <class name="com.github.selenim.mavan.FacebookLoginTest">
        <test-method status="PASS" signature="init()[pri:0, instance:com.github.selenim.mavan.FacebookLoginTest@73f792cf]" name="init" is-config="true" duration-ms="36653" started-at="2018-05-12T09:33:27Z" finished-at="2018-05-12T09:34:03Z">
          <reporter-output>
          </reporter-output>
        </test-method> <!-- init -->
        <test-method status="PASS" signature="dologin()[pri:0, instance:com.github.selenim.mavan.FacebookLoginTest@73f792cf]" name="dologin" duration-ms="2889" started-at="2018-05-12T09:34:03Z" finished-at="2018-05-12T09:34:06Z">
          <reporter-output>
          </reporter-output>
        </test-method> <!-- dologin -->
        <test-method status="PASS" signature="trarDown()[pri:0, instance:com.github.selenim.mavan.FacebookLoginTest@73f792cf]" name="trarDown" is-config="true" duration-ms="1162" started-at="2018-05-12T09:34:06Z" finished-at="2018-05-12T09:34:08Z">
          <reporter-output>
          </reporter-output>
        </test-method> <!-- trarDown -->
      </class> <!-- com.github.selenim.mavan.FacebookLoginTest -->
    </test> <!-- Command line test -->
  </suite> <!-- com.github.selenim.mavan.FacebookLoginTest -->
</testng-results>
